d:29.11.2021 19:51:03	pid:4069	m:'client started'
d:29.11.2021 19:51:03	pid:4069	m:'gui launched'
d:29.11.2021 19:52:03	pid:4370	m:'client started'
d:29.11.2021 19:52:03	pid:4370	m:'gui launched'
d:29.11.2021 19:54:19	pid:4762	m:'client started'
d:29.11.2021 19:54:19	pid:4762	m:'gui launched'
d:29.11.2021 19:55:36	pid:5954	m:'client started'
d:29.11.2021 19:55:36	pid:5954	m:'gui launched'
d:29.11.2021 21:13:09	pid:9954	m:'client started'
d:29.11.2021 21:13:09	pid:9954	m:'gui launched'
d:29.11.2021 21:17:22	pid:10889	m:'client started'
d:29.11.2021 21:17:22	pid:10889	m:'gui launched'
d:29.11.2021 21:18:01	pid:11157	m:'client started'
d:29.11.2021 21:18:01	pid:11157	m:'gui launched'
d:29.11.2021 21:24:25	pid:12905	m:'client started'
d:29.11.2021 21:24:25	pid:12905	m:'gui launched'
d:29.11.2021 22:16:12	pid:14789	m:'client started'
d:29.11.2021 22:16:12	pid:14789	m:'gui launched'
d:29.11.2021 22:17:26	pid:14789	m:'Write string error'
d:29.11.2021 22:17:26	pid:14789	m:'Error send'
d:29.11.2021 22:17:26	pid:14789	m:'Write string error'
d:29.11.2021 22:17:26	pid:14789	m:'Error send'
d:29.11.2021 22:17:31	pid:14789	m:'Write string error'
d:29.11.2021 22:17:31	pid:14789	m:'Error send'
d:29.11.2021 22:17:32	pid:14789	m:'Write string error'
d:29.11.2021 22:17:32	pid:14789	m:'Error send'
d:29.11.2021 22:17:32	pid:14789	m:'Write string error'
d:29.11.2021 22:17:32	pid:14789	m:'Error send'
d:29.11.2021 22:17:32	pid:14789	m:'Write string error'
d:29.11.2021 22:17:32	pid:14789	m:'Error send'
d:29.11.2021 22:17:33	pid:14789	m:'Write string error'
d:29.11.2021 22:17:33	pid:14789	m:'Error send'
d:29.11.2021 22:17:33	pid:14789	m:'Write string error'
d:29.11.2021 22:17:33	pid:14789	m:'Error send'
d:29.11.2021 22:17:45	pid:14789	m:'Write string error'
d:29.11.2021 22:17:45	pid:14789	m:'Error send'
d:29.11.2021 22:17:45	pid:14789	m:'Write string error'
d:29.11.2021 22:17:45	pid:14789	m:'Error send'
d:29.11.2021 22:17:45	pid:14789	m:'Write string error'
d:29.11.2021 22:17:45	pid:14789	m:'Error send'
d:29.11.2021 22:19:50	pid:15311	m:'client started'
d:29.11.2021 22:19:50	pid:15311	m:'gui launched'
d:29.11.2021 22:49:16	pid:18463	m:'client started'
d:29.11.2021 22:49:16	pid:18463	m:'gui launched'
d:29.11.2021 22:49:47	pid:18644	m:'client started'
d:29.11.2021 22:49:47	pid:18644	m:'gui launched'
d:29.11.2021 22:50:47	pid:19011	m:'client started'
d:29.11.2021 22:50:47	pid:19011	m:'gui launched'
d:29.11.2021 22:51:05	pid:19171	m:'client started'
d:29.11.2021 22:51:05	pid:19171	m:'gui launched'
d:29.11.2021 22:55:19	pid:19832	m:'client started'
d:29.11.2021 22:55:19	pid:19832	m:'gui launched'
d:29.11.2021 22:55:46	pid:20057	m:'client started'
d:29.11.2021 22:55:46	pid:20057	m:'gui launched'
d:29.11.2021 22:56:08	pid:20237	m:'client started'
d:29.11.2021 22:56:08	pid:20237	m:'gui launched'
d:29.11.2021 23:02:59	pid:21148	m:'client started'
d:29.11.2021 23:02:59	pid:21148	m:'gui launched'
d:29.11.2021 23:03:22	pid:21376	m:'client started'
d:29.11.2021 23:03:22	pid:21376	m:'gui launched'
d:29.11.2021 23:04:03	pid:21753	m:'client started'
d:29.11.2021 23:04:03	pid:21753	m:'gui launched'
d:29.11.2021 23:05:27	pid:22099	m:'client started'
d:29.11.2021 23:05:27	pid:22099	m:'gui launched'
d:29.11.2021 23:09:08	pid:22543	m:'client started'
d:29.11.2021 23:09:08	pid:22543	m:'gui launched'
d:29.11.2021 23:10:44	pid:23023	m:'client started'
d:29.11.2021 23:10:44	pid:23023	m:'gui launched'
d:29.11.2021 23:11:24	pid:23318	m:'client started'
d:29.11.2021 23:11:24	pid:23318	m:'gui launched'
d:29.11.2021 23:20:19	pid:24147	m:'client started'
d:29.11.2021 23:20:19	pid:24147	m:'gui launched'
d:29.11.2021 23:22:20	pid:24910	m:'client started'
d:29.11.2021 23:22:20	pid:24910	m:'gui launched'
d:29.11.2021 23:24:53	pid:25355	m:'client started'
d:29.11.2021 23:24:53	pid:25355	m:'gui launched'
d:29.11.2021 23:25:18	pid:25581	m:'client started'
d:29.11.2021 23:25:18	pid:25581	m:'gui launched'
d:30.11.2021 13:51:33	pid:7535	m:'client started'
d:30.11.2021 13:51:33	pid:7535	m:'gui launched'
d:30.11.2021 13:58:23	pid:8651	m:'client started'
d:30.11.2021 13:58:23	pid:8651	m:'gui launched'
d:30.11.2021 14:14:12	pid:12592	m:'client started'
d:30.11.2021 14:14:12	pid:12592	m:'gui launched'
d:30.11.2021 14:14:50	pid:12811	m:'client started'
d:30.11.2021 14:14:50	pid:12811	m:'gui launched'
d:30.11.2021 14:19:23	pid:14039	m:'client started'
d:30.11.2021 14:19:23	pid:14039	m:'gui launched'
d:30.11.2021 14:19:46	pid:14135	m:'client started'
d:30.11.2021 14:19:46	pid:14135	m:'gui launched'
d:30.11.2021 14:24:07	pid:15144	m:'client started'
d:30.11.2021 14:24:07	pid:15144	m:'gui launched'
d:30.11.2021 14:28:01	pid:15993	m:'client started'
d:30.11.2021 14:28:01	pid:15993	m:'gui launched'
d:30.11.2021 14:40:04	pid:18835	m:'client started'
d:30.11.2021 14:40:04	pid:18835	m:'gui launched'
d:30.11.2021 14:41:20	pid:19132	m:'client started'
d:30.11.2021 14:41:20	pid:19132	m:'gui launched'
d:30.11.2021 16:18:57	pid:10045	m:'client started'
d:30.11.2021 16:18:57	pid:10045	m:'gui launched'
d:30.11.2021 16:19:02	pid:10088	m:'client started'
d:30.11.2021 16:19:02	pid:10088	m:'gui launched'
d:30.11.2021 16:48:42	pid:27073	m:'client started'
d:30.11.2021 16:48:42	pid:27073	m:'gui launched'
d:30.11.2021 16:49:12	pid:27273	m:'client started'
d:30.11.2021 16:49:12	pid:27273	m:'gui launched'
d: 1.12.2021 10:45:40	pid:26950	m:'client started'
d: 1.12.2021 10:45:40	pid:26950	m:'gui launched'
d: 1.12.2021 10:46:05	pid:27170	m:'client started'
d: 1.12.2021 10:46:05	pid:27170	m:'gui launched'
d: 1.12.2021 10:46:42	pid:27489	m:'client started'
d: 1.12.2021 10:46:42	pid:27489	m:'gui launched'
d: 1.12.2021 11:02:18	pid:28935	m:'client started'
d: 1.12.2021 11:02:18	pid:28935	m:'gui launched'
d: 1.12.2021 11:03:22	pid:29269	m:'client started'
d: 1.12.2021 11:03:22	pid:29269	m:'gui launched'
d: 1.12.2021 11:03:38	pid:29417	m:'client started'
d: 1.12.2021 11:03:38	pid:29417	m:'gui launched'
d: 1.12.2021 11:04:06	pid:29619	m:'client started'
d: 1.12.2021 11:04:06	pid:29619	m:'gui launched'
d: 1.12.2021 14:28:03	pid:54763	m:'client started'
d: 1.12.2021 14:28:03	pid:54763	m:'gui launched'
d: 1.12.2021 14:28:19	pid:54912	m:'client started'
d: 1.12.2021 14:28:19	pid:54912	m:'gui launched'
d: 1.12.2021 14:29:02	pid:55250	m:'client started'
d: 1.12.2021 14:29:02	pid:55250	m:'gui launched'
d: 1.12.2021 14:30:54	pid:56397	m:'client started'
d: 1.12.2021 14:30:54	pid:56397	m:'gui launched'
d: 1.12.2021 14:31:38	pid:56801	m:'client started'
d: 1.12.2021 14:31:38	pid:56801	m:'gui launched'
d: 1.12.2021 14:32:37	pid:57135	m:'client started'
d: 1.12.2021 14:32:37	pid:57135	m:'gui launched'
d: 1.12.2021 14:33:00	pid:57319	m:'client started'
d: 1.12.2021 14:33:00	pid:57319	m:'gui launched'
d: 1.12.2021 14:33:49	pid:57788	m:'client started'
d: 1.12.2021 14:33:49	pid:57788	m:'gui launched'
d: 1.12.2021 14:33:51	pid:57841	m:'client started'
d: 1.12.2021 14:33:51	pid:57841	m:'gui launched'
d: 1.12.2021 14:38:01	pid:60272	m:'client started'
d: 1.12.2021 14:38:01	pid:60272	m:'gui launched'
d: 1.12.2021 15:07:14	pid:63437	m:'client started'
d: 1.12.2021 15:07:14	pid:63437	m:'gui launched'
d: 1.12.2021 15:07:53	pid:63701	m:'client started'
d: 1.12.2021 15:07:53	pid:63701	m:'gui launched'
d: 1.12.2021 15:08:19	pid:63876	m:'client started'
d: 1.12.2021 15:08:19	pid:63876	m:'gui launched'
d: 1.12.2021 15:09:51	pid:64248	m:'client started'
d: 1.12.2021 15:09:51	pid:64248	m:'gui launched'
d: 1.12.2021 15:12:23	pid:64836	m:'client started'
d: 1.12.2021 15:12:23	pid:64836	m:'gui launched'
d: 1.12.2021 15:12:47	pid:65073	m:'client started'
d: 1.12.2021 15:12:47	pid:65073	m:'gui launched'
d: 1.12.2021 15:13:52	pid:65383	m:'client started'
d: 1.12.2021 15:13:52	pid:65383	m:'gui launched'
d: 1.12.2021 15:16:00	pid:66111	m:'client started'
d: 1.12.2021 15:16:00	pid:66111	m:'gui launched'
d: 1.12.2021 15:22:27	pid:67055	m:'client started'
d: 1.12.2021 15:22:27	pid:67055	m:'gui launched'
d: 1.12.2021 15:23:35	pid:67515	m:'client started'
d: 1.12.2021 15:23:35	pid:67515	m:'gui launched'
d: 1.12.2021 15:23:51	pid:67670	m:'client started'
d: 1.12.2021 15:23:51	pid:67670	m:'gui launched'
d: 1.12.2021 15:25:21	pid:68199	m:'client started'
d: 1.12.2021 15:25:21	pid:68199	m:'gui launched'
d: 1.12.2021 15:25:42	pid:68411	m:'client started'
d: 1.12.2021 15:25:42	pid:68411	m:'gui launched'
d: 1.12.2021 15:27:24	pid:68809	m:'client started'
d: 1.12.2021 15:27:24	pid:68809	m:'gui launched'
d: 1.12.2021 15:27:57	pid:69025	m:'client started'
d: 1.12.2021 15:27:57	pid:69025	m:'gui launched'
d: 1.12.2021 15:28:48	pid:69370	m:'client started'
d: 1.12.2021 15:28:48	pid:69370	m:'gui launched'
d: 1.12.2021 15:29:05	pid:69542	m:'client started'
d: 1.12.2021 15:29:05	pid:69542	m:'gui launched'
d: 1.12.2021 15:29:28	pid:69687	m:'client started'
d: 1.12.2021 15:29:28	pid:69687	m:'gui launched'
d: 1.12.2021 15:30:22	pid:70241	m:'client started'
d: 1.12.2021 15:30:22	pid:70241	m:'gui launched'
d: 1.12.2021 15:30:56	pid:70563	m:'client started'
d: 1.12.2021 15:30:56	pid:70563	m:'gui launched'
d: 1.12.2021 17:53:09	pid:91203	m:'client started'
d: 1.12.2021 17:53:09	pid:91203	m:'gui launched'
d: 2.12.2021 09:54:02	pid:3791	m:'client started'
d: 2.12.2021 09:54:02	pid:3791	m:'gui launched'
d: 2.12.2021 09:54:42	pid:4043	m:'client started'
d: 2.12.2021 09:54:42	pid:4043	m:'gui launched'
d: 2.12.2021 09:55:11	pid:4253	m:'client started'
d: 2.12.2021 09:55:11	pid:4253	m:'gui launched'
d: 2.12.2021 12:13:14	pid:15726	m:'client started'
d: 2.12.2021 12:13:14	pid:15726	m:'gui launched'
d: 2.12.2021 12:16:16	pid:16111	m:'client started'
d: 2.12.2021 12:16:16	pid:16111	m:'gui launched'
d: 2.12.2021 12:16:59	pid:16481	m:'client started'
d: 2.12.2021 12:16:59	pid:16481	m:'gui launched'
d: 2.12.2021 14:08:55	pid:39836	m:'client started'
d: 2.12.2021 14:08:55	pid:39836	m:'gui launched'
d: 2.12.2021 14:10:22	pid:40381	m:'client started'
d: 2.12.2021 14:10:22	pid:40381	m:'gui launched'
d: 2.12.2021 14:11:19	pid:40831	m:'client started'
d: 2.12.2021 14:11:19	pid:40831	m:'gui launched'
d: 2.12.2021 14:13:04	pid:41265	m:'client started'
d: 2.12.2021 14:13:04	pid:41265	m:'gui launched'
d: 2.12.2021 14:14:11	pid:41776	m:'client started'
d: 2.12.2021 14:14:11	pid:41776	m:'gui launched'
d: 2.12.2021 14:15:24	pid:42261	m:'client started'
d: 2.12.2021 14:15:24	pid:42261	m:'gui launched'
d: 2.12.2021 14:15:49	pid:42493	m:'client started'
d: 2.12.2021 14:15:49	pid:42493	m:'gui launched'
d: 2.12.2021 14:16:36	pid:42951	m:'client started'
d: 2.12.2021 14:16:36	pid:42951	m:'gui launched'
d: 2.12.2021 14:18:03	pid:43518	m:'client started'
d: 2.12.2021 14:18:03	pid:43518	m:'gui launched'
d: 2.12.2021 14:19:31	pid:44633	m:'client started'
d: 2.12.2021 14:19:31	pid:44633	m:'gui launched'
