d:29.11.2021 19:50:53	pid:3972	m:'database has been opened successfully'
d:29.11.2021 19:50:53	pid:3972	m:'uchat_server started'
d:29.11.2021 19:51:46	pid:4365	m:'database has been opened successfully'
d:29.11.2021 19:54:17	pid:4742	m:'database has been opened successfully'
d:29.11.2021 19:54:17	pid:4742	m:'uchat_server started'
d:29.11.2021 19:55:32	pid:5467	m:'database has been opened successfully'
d:29.11.2021 19:55:32	pid:5467	m:'uchat_server started'
d:29.11.2021 21:13:06	pid:9922	m:'database has been opened successfully'
d:29.11.2021 21:13:06	pid:9922	m:'uchat_server started'
d:29.11.2021 21:17:20	pid:10872	m:'database has been opened successfully'
d:29.11.2021 21:17:20	pid:10872	m:'uchat_server started'
d:29.11.2021 21:24:22	pid:12882	m:'database has been opened successfully'
d:29.11.2021 21:24:22	pid:12882	m:'uchat_server started'
d:29.11.2021 22:55:40	pid:20013	m:'database has been opened successfully'
d:29.11.2021 22:55:40	pid:20013	m:'uchat_server started'
d:29.11.2021 23:02:54	pid:21085	m:'database has been opened successfully'
d:29.11.2021 23:02:54	pid:21085	m:'uchat_server started'
d:29.11.2021 23:05:24	pid:22068	m:'database has been opened successfully'
d:29.11.2021 23:05:24	pid:22068	m:'uchat_server started'
d:29.11.2021 23:09:04	pid:22501	m:'database has been opened successfully'
d:29.11.2021 23:09:04	pid:22501	m:'uchat_server started'
d:29.11.2021 23:10:41	pid:22976	m:'database has been opened successfully'
d:29.11.2021 23:10:41	pid:22976	m:'uchat_server started'
d:29.11.2021 23:11:21	pid:23266	m:'database has been opened successfully'
d:29.11.2021 23:11:21	pid:23266	m:'uchat_server started'
d:29.11.2021 23:20:16	pid:24124	m:'database has been opened successfully'
d:29.11.2021 23:20:16	pid:24124	m:'uchat_server started'
d:29.11.2021 23:22:18	pid:24897	m:'database has been opened successfully'
d:29.11.2021 23:22:18	pid:24897	m:'uchat_server started'
d:29.11.2021 23:24:48	pid:25331	m:'database has been opened successfully'
d:29.11.2021 23:24:48	pid:25331	m:'uchat_server started'
d:29.11.2021 23:25:14	pid:25557	m:'database has been opened successfully'
d:29.11.2021 23:25:14	pid:25557	m:'uchat_server started'
d:30.11.2021 13:51:21	pid:7429	m:'database has been opened successfully'
d:30.11.2021 13:51:21	pid:7429	m:'uchat_server started'
d:30.11.2021 14:14:08	pid:12555	m:'database has been opened successfully'
d:30.11.2021 14:14:08	pid:12555	m:'uchat_server started'
d:30.11.2021 14:19:17	pid:13981	m:'database has been opened successfully'
d:30.11.2021 14:19:17	pid:13981	m:'uchat_server started'
d:30.11.2021 14:24:03	pid:15128	m:'database has been opened successfully'
d:30.11.2021 14:24:03	pid:15128	m:'uchat_server started'
d:30.11.2021 14:27:53	pid:15891	m:'database has been opened successfully'
d:30.11.2021 14:40:01	pid:18799	m:'database has been opened successfully'
d:30.11.2021 14:40:01	pid:18799	m:'uchat_server started'
d:30.11.2021 14:47:26	pid:18799	m:'Write string error'
d:30.11.2021 14:47:26	pid:18799	m:'Error send'
d:30.11.2021 14:47:26	pid:18799	m:'Write string error'
d:30.11.2021 14:47:26	pid:18799	m:'Error send'
d:30.11.2021 16:18:54	pid:10037	m:'database has been opened successfully'
d:30.11.2021 16:18:54	pid:10037	m:'uchat_server started'
d:30.11.2021 16:48:29	pid:26725	m:'database has been opened successfully'
d:30.11.2021 16:48:29	pid:26725	m:'uchat_server started'
d: 1.12.2021 10:45:29	pid:26864	m:'database has been opened successfully'
d: 1.12.2021 10:45:29	pid:26864	m:'uchat_server started'
d: 1.12.2021 10:46:36	pid:26864	m:'Write string error'
d: 1.12.2021 10:46:36	pid:26864	m:'Error send'
d: 1.12.2021 10:46:36	pid:26864	m:'Write string error'
d: 1.12.2021 10:46:36	pid:26864	m:'Error send'
d: 1.12.2021 11:02:11	pid:28899	m:'database has been opened successfully'
d: 1.12.2021 11:02:11	pid:28899	m:'uchat_server started'
d: 1.12.2021 11:03:19	pid:29235	m:'database has been opened successfully'
d: 1.12.2021 11:03:19	pid:29235	m:'uchat_server started'
d: 1.12.2021 11:04:03	pid:29585	m:'database has been opened successfully'
d: 1.12.2021 11:04:03	pid:29585	m:'uchat_server started'
d: 1.12.2021 14:27:51	pid:54670	m:'database has been opened successfully'
d: 1.12.2021 14:27:51	pid:54670	m:'uchat_server started'
d: 1.12.2021 14:30:51	pid:56374	m:'database has been opened successfully'
d: 1.12.2021 14:30:51	pid:56374	m:'uchat_server started'
d: 1.12.2021 14:37:57	pid:60233	m:'database has been opened successfully'
d: 1.12.2021 14:37:57	pid:60233	m:'uchat_server started'
d: 1.12.2021 15:07:11	pid:63404	m:'database has been opened successfully'
d: 1.12.2021 15:07:11	pid:63404	m:'uchat_server started'
d: 1.12.2021 15:08:09	pid:63814	m:'database has been opened successfully'
d: 1.12.2021 15:08:09	pid:63814	m:'uchat_server started'
d: 1.12.2021 15:09:47	pid:64205	m:'database has been opened successfully'
d: 1.12.2021 15:09:47	pid:64205	m:'uchat_server started'
d: 1.12.2021 15:12:20	pid:64818	m:'database has been opened successfully'
d: 1.12.2021 15:12:20	pid:64818	m:'uchat_server started'
d: 1.12.2021 15:12:43	pid:65039	m:'database has been opened successfully'
d: 1.12.2021 15:12:43	pid:65039	m:'uchat_server started'
d: 1.12.2021 15:13:50	pid:65360	m:'database has been opened successfully'
d: 1.12.2021 15:13:50	pid:65360	m:'uchat_server started'
d: 1.12.2021 15:15:57	pid:66060	m:'database has been opened successfully'
d: 1.12.2021 15:15:57	pid:66060	m:'uchat_server started'
d: 1.12.2021 15:22:24	pid:67038	m:'database has been opened successfully'
d: 1.12.2021 15:22:24	pid:67038	m:'uchat_server started'
d: 1.12.2021 15:23:31	pid:67464	m:'database has been opened successfully'
d: 1.12.2021 15:23:31	pid:67464	m:'uchat_server started'
d: 1.12.2021 15:25:18	pid:68147	m:'database has been opened successfully'
d: 1.12.2021 15:25:18	pid:68147	m:'uchat_server started'
d: 1.12.2021 15:29:02	pid:69516	m:'database has been opened successfully'
d: 1.12.2021 15:29:02	pid:69516	m:'uchat_server started'
d: 1.12.2021 15:30:19	pid:70199	m:'database has been opened successfully'
d: 1.12.2021 15:30:19	pid:70199	m:'uchat_server started'
d: 1.12.2021 17:52:57	pid:91123	m:'database has been opened successfully'
d: 1.12.2021 17:52:57	pid:91123	m:'uchat_server started'
d: 2.12.2021 09:53:38	pid:3633	m:'database has been opened successfully'
d: 2.12.2021 09:53:39	pid:3633	m:'uchat_server started'
d: 2.12.2021 09:53:49	pid:3710	m:'database has been opened successfully'
d: 2.12.2021 09:53:49	pid:3710	m:'uchat_server started'
d: 2.12.2021 09:55:00	pid:4218	m:'database has been opened successfully'
d: 2.12.2021 12:12:26	pid:15647	m:'database has been opened successfully'
d: 2.12.2021 12:12:26	pid:15647	m:'uchat_server started'
d: 2.12.2021 12:16:57	pid:16443	m:'database has been opened successfully'
d: 2.12.2021 12:16:57	pid:16443	m:'uchat_server started'
d: 2.12.2021 12:43:40	pid:21562	m:'database has been opened successfully'
d: 2.12.2021 12:43:40	pid:21562	m:'uchat_server started'
d: 2.12.2021 14:08:45	pid:39770	m:'database has been opened successfully'
d: 2.12.2021 14:08:45	pid:39770	m:'uchat_server started'
d: 2.12.2021 14:10:12	pid:40305	m:'database has been opened successfully'
d: 2.12.2021 14:10:12	pid:40305	m:'uchat_server started'
d: 2.12.2021 14:11:16	pid:40805	m:'database has been opened successfully'
d: 2.12.2021 14:11:16	pid:40805	m:'uchat_server started'
d: 2.12.2021 14:13:02	pid:41246	m:'database has been opened successfully'
d: 2.12.2021 14:13:02	pid:41246	m:'uchat_server started'
d: 2.12.2021 14:14:08	pid:41747	m:'database has been opened successfully'
d: 2.12.2021 14:14:08	pid:41747	m:'uchat_server started'
d: 2.12.2021 14:15:22	pid:42237	m:'database has been opened successfully'
d: 2.12.2021 14:15:22	pid:42237	m:'uchat_server started'
d: 2.12.2021 14:16:16	pid:42713	m:'database has been opened successfully'
d: 2.12.2021 14:16:16	pid:42713	m:'uchat_server started'
d: 2.12.2021 14:16:33	pid:42928	m:'database has been opened successfully'
d: 2.12.2021 14:16:33	pid:42928	m:'uchat_server started'
d: 2.12.2021 14:18:00	pid:43501	m:'database has been opened successfully'
d: 2.12.2021 14:18:00	pid:43501	m:'uchat_server started'
d: 2.12.2021 14:19:29	pid:44608	m:'database has been opened successfully'
d: 2.12.2021 14:19:29	pid:44608	m:'uchat_server started'
